<?xml version="1.0" encoding="utf-8"?><testsuites name="pytest tests"><testsuite name="pytest" errors="0" failures="1" skipped="0" tests="11" time="6.615" timestamp="2026-06-23T10:56:33.536386+00:00" hostname="agent-env-73a13ca4-f9a2-461d-84fd-b3a4a0c841e8"><testcase classname="backend.tests.test_new_features_v5.TestProductFields" name="test_create_product_persists_new_fields" time="0.779" /><testcase classname="backend.tests.test_new_features_v5.TestProductFields" name="test_patch_product_updates_initial_stock" time="0.302" /><testcase classname="backend.tests.test_new_features_v5.TestProductFields" name="test_stock_unit_defaults_to_g" time="0.093"><failure message="AssertionError: BUG: POST without stock_unit should default to 'g' but got 500: Internal Server Error&#10;assert 500 == 200&#10; +  where 500 = &lt;Response [500]&gt;.status_code">backend/tests/test_new_features_v5.py:101: in test_stock_unit_defaults_to_g
    assert c.status_code == 200, f"BUG: POST without stock_unit should default to 'g' but got {c.status_code}: {c.text}"
E   AssertionError: BUG: POST without stock_unit should default to 'g' but got 500: Internal Server Error
E   assert 500 == 200
E    +  where 500 = &lt;Response [500]&gt;.status_code</failure></testcase><testcase classname="backend.tests.test_new_features_v5.TestVariantParsing" name="test_litre_label_decrements_shared_stock" time="0.835" /><testcase classname="backend.tests.test_new_features_v5.TestVariantParsing" name="test_unites_label_decrements_shared_stock" time="0.809" /><testcase classname="backend.tests.test_new_features_v5.TestVariantParsing" name="test_legacy_g_label_still_parses" time="0.809" /><testcase classname="backend.tests.test_new_features_v5.TestShopHoursDeliveryDisabled" name="test_get_shop_hours_exposes_flag" time="0.100" /><testcase classname="backend.tests.test_new_features_v5.TestShopHoursDeliveryDisabled" name="test_toggle_round_trip" time="0.895" /><testcase classname="backend.tests.test_new_features_v5.TestDeliveryBlocked" name="test_delivery_rejected_when_disabled_pickup_accepted" time="1.048" /><testcase classname="backend.tests.test_new_features_v5.TestReorder" name="test_reorder_categories_persists" time="0.375" /><testcase classname="backend.tests.test_new_features_v5.TestReorder" name="test_reorder_products_persists" time="0.467" /></testsuite></testsuites>