<?xml version="1.0" encoding="utf-8"?><testsuites name="pytest tests"><testsuite name="pytest" errors="0" failures="0" skipped="0" tests="17" time="5.056" timestamp="2026-06-22T13:13:40.635207+00:00" hostname="agent-env-73a13ca4-f9a2-461d-84fd-b3a4a0c841e8"><testcase classname="backend.tests.test_checkout_v3.TestDeliveryMode" name="test_delivery_empty_address_rejected_400" time="0.182" /><testcase classname="backend.tests.test_checkout_v3.TestDeliveryMode" name="test_delivery_whitespace_address_rejected_400" time="0.042" /><testcase classname="backend.tests.test_checkout_v3.TestDeliveryMode" name="test_pickup_no_address_ok" time="0.588" /><testcase classname="backend.tests.test_checkout_v3.TestDeliveryMode" name="test_pickup_address_provided_is_dropped" time="0.505" /><testcase classname="backend.tests.test_checkout_v3.TestDeliveryMode" name="test_delivery_with_address_ok" time="0.483" /><testcase classname="backend.tests.test_checkout_v3.TestPromoOnOrder" name="test_order_with_welcome10_applies_10_percent" time="0.564" /><testcase classname="backend.tests.test_checkout_v3.TestPromoOnOrder" name="test_order_with_promo5_applies_5_fixed" time="0.472" /><testcase classname="backend.tests.test_checkout_v3.TestPromoOnOrder" name="test_order_with_lowercase_promo_normalized" time="0.528" /><testcase classname="backend.tests.test_checkout_v3.TestPromoOnOrder" name="test_order_with_invalid_promo_ignored" time="0.492" /><testcase classname="backend.tests.test_checkout_v3.TestPromoValidate" name="test_validate_welcome10_percent" time="0.045" /><testcase classname="backend.tests.test_checkout_v3.TestPromoValidate" name="test_validate_welcome10_lowercase" time="0.042" /><testcase classname="backend.tests.test_checkout_v3.TestPromoValidate" name="test_validate_promo5_fixed" time="0.081" /><testcase classname="backend.tests.test_checkout_v3.TestPromoValidate" name="test_validate_unknown_code" time="0.039" /><testcase classname="backend.tests.test_checkout_v3.TestPromoValidate" name="test_validate_empty_code" time="0.039" /><testcase classname="backend.tests.test_checkout_v3.TestAdminAuth" name="test_admin_login_correct_pin" time="0.264" /><testcase classname="backend.tests.test_checkout_v3.TestAdminAuth" name="test_admin_login_wrong_pin" time="0.265" /><testcase classname="backend.tests.test_checkout_v3.TestAdminAuth" name="test_admin_orders_lists_pickup_with_empty_address" time="0.355" /></testsuite></testsuites>