<?xml version="1.0" encoding="utf-8"?><testsuites name="pytest tests"><testsuite name="pytest" errors="0" failures="0" skipped="0" tests="6" time="0.954" timestamp="2026-06-21T23:09:58.684972+00:00" hostname="agent-env-73a13ca4-f9a2-461d-84fd-b3a4a0c841e8"><testcase classname="backend.tests.test_loyalty_status.TestLoyaltyUnknownGuest" name="test_unknown_guest_returns_zero" time="0.244" /><testcase classname="backend.tests.test_loyalty_status.TestOrderLoyaltyFlow" name="test_first_order_below_free_delivery" time="0.160" /><testcase classname="backend.tests.test_loyalty_status.TestOrderLoyaltyFlow" name="test_second_order_above_free_delivery_uses_points" time="0.101" /><testcase classname="backend.tests.test_loyalty_status.TestOrderLoyaltyFlow" name="test_use_points_clamped_to_balance" time="0.155" /><testcase classname="backend.tests.test_loyalty_status.TestOrderStatusComputed" name="test_recent_order_status_in_preparation" time="0.160" /><testcase classname="backend.tests.test_loyalty_status.TestOrderStatusComputed" name="test_get_order_404" time="0.050" /></testsuite></testsuites>