<?xml version="1.0" encoding="utf-8"?><testsuites name="pytest tests"><testsuite name="pytest" errors="0" failures="0" skipped="0" tests="8" time="4.099" timestamp="2026-06-22T13:29:25.661172+00:00" hostname="agent-env-73a13ca4-f9a2-461d-84fd-b3a4a0c841e8"><testcase classname="backend.tests.test_admin_orders_v4.TestAdminDeleteOrder" name="test_delete_requires_auth" time="0.170" /><testcase classname="backend.tests.test_admin_orders_v4.TestAdminDeleteOrder" name="test_delete_existing_order" time="1.182" /><testcase classname="backend.tests.test_admin_orders_v4.TestAdminDeleteOrder" name="test_delete_unknown_returns_404" time="0.047" /><testcase classname="backend.tests.test_admin_orders_v4.TestAdminBulkDeleteOrders" name="test_bulk_requires_auth" time="0.043" /><testcase classname="backend.tests.test_admin_orders_v4.TestAdminBulkDeleteOrders" name="test_bulk_empty_array" time="0.044" /><testcase classname="backend.tests.test_admin_orders_v4.TestAdminBulkDeleteOrders" name="test_bulk_delete_three_orders" time="1.695" /><testcase classname="backend.tests.test_admin_orders_v4.TestAdminBulkDeleteOrders" name="test_bulk_delete_mixed_existing_and_unknown" time="0.576" /><testcase classname="backend.tests.test_admin_orders_v4.TestPromoFixedAlias" name="test_fixed_kind_is_aliased_to_amount" time="0.264" /></testsuite></testsuites>