<?xml version="1.0" encoding="utf-8"?><testsuites name="pytest tests"><testsuite name="pytest" errors="0" failures="0" skipped="0" tests="11" time="6.716" timestamp="2026-06-23T10:59:58.794310+00:00" hostname="agent-env-73a13ca4-f9a2-461d-84fd-b3a4a0c841e8"><testcase classname="backend.tests.test_new_features_v5.TestProductFields" name="test_create_product_persists_new_fields" time="0.820" /><testcase classname="backend.tests.test_new_features_v5.TestProductFields" name="test_patch_product_updates_initial_stock" time="0.332" /><testcase classname="backend.tests.test_new_features_v5.TestProductFields" name="test_stock_unit_defaults_to_g" time="0.195" /><testcase classname="backend.tests.test_new_features_v5.TestVariantParsing" name="test_litre_label_decrements_shared_stock" time="0.858" /><testcase classname="backend.tests.test_new_features_v5.TestVariantParsing" name="test_unites_label_decrements_shared_stock" time="0.793" /><testcase classname="backend.tests.test_new_features_v5.TestVariantParsing" name="test_legacy_g_label_still_parses" time="0.828" /><testcase classname="backend.tests.test_new_features_v5.TestShopHoursDeliveryDisabled" name="test_get_shop_hours_exposes_flag" time="0.087" /><testcase classname="backend.tests.test_new_features_v5.TestShopHoursDeliveryDisabled" name="test_toggle_round_trip" time="0.855" /><testcase classname="backend.tests.test_new_features_v5.TestDeliveryBlocked" name="test_delivery_rejected_when_disabled_pickup_accepted" time="1.018" /><testcase classname="backend.tests.test_new_features_v5.TestReorder" name="test_reorder_categories_persists" time="0.387" /><testcase classname="backend.tests.test_new_features_v5.TestReorder" name="test_reorder_products_persists" time="0.481" /></testsuite></testsuites>