<?xml version="1.0" encoding="utf-8"?><testsuites name="pytest tests"><testsuite name="pytest" errors="0" failures="0" skipped="0" tests="16" time="1.237" timestamp="2026-06-21T22:58:42.169962+00:00" hostname="agent-env-73a13ca4-f9a2-461d-84fd-b3a4a0c841e8"><testcase classname="backend.tests.test_api.TestCategories" name="test_list_categories" time="0.241" /><testcase classname="backend.tests.test_api.TestProducts" name="test_list_products_default" time="0.055" /><testcase classname="backend.tests.test_api.TestProducts" name="test_filter_by_category" time="0.048" /><testcase classname="backend.tests.test_api.TestProducts" name="test_filter_by_kind" time="0.052" /><testcase classname="backend.tests.test_api.TestProducts" name="test_filter_popular" time="0.051" /><testcase classname="backend.tests.test_api.TestProducts" name="test_filter_promo" time="0.051" /><testcase classname="backend.tests.test_api.TestProducts" name="test_search_regex" time="0.049" /><testcase classname="backend.tests.test_api.TestProducts" name="test_get_product_by_id" time="0.099" /><testcase classname="backend.tests.test_api.TestProducts" name="test_get_product_404" time="0.051" /><testcase classname="backend.tests.test_api.TestOrders" name="test_create_order_with_delivery_fee" time="0.165" /><testcase classname="backend.tests.test_api.TestOrders" name="test_create_order_free_delivery" time="0.047" /><testcase classname="backend.tests.test_api.TestOrders" name="test_create_order_empty_items_400" time="0.045" /><testcase classname="backend.tests.test_api.TestOrders" name="test_create_order_unknown_product_400" time="0.048" /><testcase classname="backend.tests.test_api.TestOrders" name="test_list_orders_by_guest" time="0.056" /><testcase classname="backend.tests.test_api.TestOrders" name="test_get_order_404" time="0.047" /><testcase classname="backend.tests.test_api.TestOrders" name="test_list_orders_missing_guest_id_422" time="0.047" /></testsuite></testsuites>